Построение начато 24/04/2014 10:29:42.
     1>Проект "C:\kurs_c_plus_plus\prog_course_2014\zverev\Vec3\Vec3\Vec3.vcxproj" в узле 2 (целевые объекты build).
     1>InitializeBuildStatus:
         Создание "Debug\Vec3.unsuccessfulbuild", так как было задано "AlwaysCreate".
       ClCompile:
         c:\Program Files (x86)\Microsoft Visual Studio 10.0\VC\bin\CL.exe /c /ZI /nologo /W3 /WX- /Od /Oy- /D _MBCS /Gm /EHsc /RTC1 /MDd /GS /fp:precise /Zc:wchar_t /Zc:forScope /Fo"Debug\\" /Fd"Debug\vc100.pdb" /Gd /TP /analyze- /errorReport:prompt Vec3.cpp main.cpp
         main.cpp
         Vec3.cpp
         Создание кода...
     1>c:\kurs_c_plus_plus\prog_course_2014\zverev\vec3\vec3\vec3.cpp(43): warning C4715: At: значение возвращается не при всех путях выполнения
       Link:
         c:\Program Files (x86)\Microsoft Visual Studio 10.0\VC\bin\link.exe /ERRORREPORT:PROMPT /OUT:"C:\kurs_c_plus_plus\prog_course_2014\zverev\Vec3\Debug\Vec3.exe" /NOLOGO kernel32.lib user32.lib gdi32.lib winspool.lib comdlg32.lib advapi32.lib shell32.lib ole32.lib oleaut32.lib uuid.lib odbc32.lib odbccp32.lib /MANIFEST /ManifestFile:"Debug\Vec3.exe.intermediate.manifest" /MANIFESTUAC:"level='asInvoker' uiAccess='false'" /DEBUG /PDB:"C:\kurs_c_plus_plus\prog_course_2014\zverev\Vec3\Debug\Vec3.pdb" /TLBID:1 /DYNAMICBASE /NXCOMPAT /IMPLIB:"C:\kurs_c_plus_plus\prog_course_2014\zverev\Vec3\Debug\Vec3.lib" /MACHINE:X86 Debug\main.obj
         Debug\Vec3.obj
         LINK : не найден или не выполнена сборка C:\kurs_c_plus_plus\prog_course_2014\zverev\Vec3\Debug\Vec3.exe при последней инкрементной компоновке; выполняется полная компоновка
         Vec3.vcxproj -> C:\kurs_c_plus_plus\prog_course_2014\zverev\Vec3\Debug\Vec3.exe
       Manifest:
         C:\Program Files (x86)\Microsoft SDKs\Windows\v7.0A\bin\mt.exe /nologo /verbose /outputresource:"C:\kurs_c_plus_plus\prog_course_2014\zverev\Vec3\Debug\Vec3.exe;#1" /manifest Debug\Vec3.exe.intermediate.manifest
       FinalizeBuildStatus:
         Файл "Debug\Vec3.unsuccessfulbuild" удаляется.
         Обращение к "Debug\Vec3.lastbuildstate".
     1>Построение проекта "C:\kurs_c_plus_plus\prog_course_2014\zverev\Vec3\Vec3\Vec3.vcxproj" завершено (целевые объекты build).

Построение успешно завершено.

Затраченное время: 00:00:01.88
